2020-01-27T17:10:13.919+0100 org.springframework.boot.SpringApplication.logStartupProfileInfo(SpringApplication.java:651) INFO No active profile set, falling back to default profiles: default
2020-01-27T17:10:17.454+0100 org.springframework.boot.StartupInfoLogger.logStarted(StartupInfoLogger.java:61) INFO Started EngineApplication in 4.354 seconds (JVM running for 6.641)
2020-01-27T17:10:17.512+0100 com.mycompany.engine.engine.GraphManager.BFS(GraphManager.java:110) INFO Inizio procedura BFS
2020-01-27T17:10:17.516+0100 com.mycompany.engine.engine.EngineApplicationService.run(EngineApplicationService.java:64) INFO Workflow da eseguire: [start, MSA, MSB, MSC]
2020-01-27T17:10:17.516+0100 com.mycompany.engine.engine.EngineApplicationService.run(EngineApplicationService.java:90) INFO MSA NON ATTENDE NESSUNO
2020-01-27T17:10:17.519+0100 com.mycompany.engine.engine.EngineApplicationService.run(EngineApplicationService.java:93) INFO MSA LANCIATO
2020-01-27T17:10:17.520+0100 com.mycompany.engine.engine.EngineApplicationService.run(EngineApplicationService.java:90) INFO MSB NON ATTENDE NESSUNO
2020-01-27T17:10:17.521+0100 com.mycompany.engine.engine.EngineApplicationService.run(EngineApplicationService.java:93) INFO MSB LANCIATO
2020-01-27T17:10:17.522+0100 com.mycompany.engine.engine.EngineApplicationService.run(EngineApplicationService.java:72) INFO MSC ATTENDE  MSA MSB
2020-01-27T17:10:17.984+0100 com.mycompany.engine.engine.EngineApplicationService.run(EngineApplicationService.java:81) INFO MSC LANCIATO
2020-01-27T17:21:33.663+0100 org.springframework.boot.SpringApplication.logStartupProfileInfo(SpringApplication.java:651) INFO No active profile set, falling back to default profiles: default
2020-01-27T17:21:36.207+0100 org.springframework.boot.StartupInfoLogger.logStarted(StartupInfoLogger.java:61) INFO Started EngineApplication in 3.19 seconds (JVM running for 4.556)
2020-01-27T17:21:36.266+0100 com.mycompany.engine.engine.GraphManager.BFS(GraphManager.java:110) INFO Inizio procedura BFS
2020-01-27T17:21:36.268+0100 com.mycompany.engine.engine.EngineApplicationService.run(EngineApplicationService.java:64) INFO Workflow da eseguire: [start, MSA, MSB, MSC]
2020-01-27T17:21:36.269+0100 com.mycompany.engine.engine.EngineApplicationService.run(EngineApplicationService.java:90) INFO MSA NON ATTENDE NESSUNO
2020-01-27T17:21:36.270+0100 com.mycompany.engine.engine.EngineApplicationService.run(EngineApplicationService.java:93) INFO MSA LANCIATO
2020-01-27T17:21:36.271+0100 com.mycompany.engine.engine.EngineApplicationService.run(EngineApplicationService.java:90) INFO MSB NON ATTENDE NESSUNO
2020-01-27T17:21:36.271+0100 com.mycompany.engine.engine.EngineApplicationService.run(EngineApplicationService.java:93) INFO MSB LANCIATO
2020-01-27T17:21:36.271+0100 com.mycompany.engine.engine.EngineApplicationService.run(EngineApplicationService.java:72) INFO MSC ATTENDE  MSA MSB
2020-01-27T17:21:36.531+0100 com.mycompany.engine.engine.EngineApplicationService.run(EngineApplicationService.java:81) INFO MSC LANCIATO
2020-01-27T17:23:33.870+0100 org.springframework.boot.SpringApplication.logStartupProfileInfo(SpringApplication.java:651) INFO No active profile set, falling back to default profiles: default
2020-01-27T17:23:36.365+0100 org.springframework.boot.StartupInfoLogger.logStarted(StartupInfoLogger.java:61) INFO Started EngineApplication in 3.186 seconds (JVM running for 4.675)
2020-01-27T17:23:36.423+0100 com.mycompany.engine.engine.GraphManager.BFS(GraphManager.java:110) INFO Inizio procedura BFS
2020-01-27T17:23:36.426+0100 com.mycompany.engine.engine.EngineApplicationService.run(EngineApplicationService.java:64) INFO Workflow da eseguire: [start, MSA, MSB, MSC]
2020-01-27T17:23:36.426+0100 com.mycompany.engine.engine.EngineApplicationService.run(EngineApplicationService.java:90) INFO MSA NON ATTENDE NESSUNO
2020-01-27T17:23:36.428+0100 com.mycompany.engine.engine.EngineApplicationService.run(EngineApplicationService.java:93) INFO MSA LANCIATO
2020-01-27T17:23:36.428+0100 com.mycompany.engine.engine.EngineApplicationService.run(EngineApplicationService.java:90) INFO MSB NON ATTENDE NESSUNO
2020-01-27T17:23:36.429+0100 com.mycompany.engine.engine.EngineApplicationService.run(EngineApplicationService.java:93) INFO MSB LANCIATO
2020-01-27T17:23:36.429+0100 com.mycompany.engine.engine.EngineApplicationService.run(EngineApplicationService.java:72) INFO MSC ATTENDE  MSA MSB
2020-01-27T17:23:36.676+0100 com.mycompany.engine.engine.EngineApplicationService.run(EngineApplicationService.java:81) INFO MSC LANCIATO
2020-01-27T17:24:15.742+0100 org.springframework.boot.SpringApplication.logStartupProfileInfo(SpringApplication.java:651) INFO No active profile set, falling back to default profiles: default
2020-01-27T17:24:18.717+0100 org.springframework.boot.StartupInfoLogger.logStarted(StartupInfoLogger.java:61) INFO Started EngineApplication in 3.645 seconds (JVM running for 4.667)
2020-01-27T17:24:18.788+0100 com.mycompany.engine.engine.GraphManager.BFS(GraphManager.java:110) INFO Inizio procedura BFS
2020-01-27T17:24:18.790+0100 com.mycompany.engine.engine.EngineApplicationService.run(EngineApplicationService.java:64) INFO Workflow da eseguire: [start, MSA, MSB, MSC]
2020-01-27T17:24:18.791+0100 com.mycompany.engine.engine.EngineApplicationService.run(EngineApplicationService.java:90) INFO MSA NON ATTENDE NESSUNO
2020-01-27T17:24:18.793+0100 com.mycompany.engine.engine.EngineApplicationService.run(EngineApplicationService.java:93) INFO MSA LANCIATO
2020-01-27T17:24:18.793+0100 com.mycompany.engine.engine.EngineApplicationService.run(EngineApplicationService.java:90) INFO MSB NON ATTENDE NESSUNO
2020-01-27T17:24:18.793+0100 com.mycompany.engine.engine.EngineApplicationService.run(EngineApplicationService.java:93) INFO MSB LANCIATO
2020-01-27T17:24:18.794+0100 com.mycompany.engine.engine.EngineApplicationService.run(EngineApplicationService.java:72) INFO MSC ATTENDE  MSA MSB
2020-01-27T17:24:47.105+0100 org.springframework.boot.SpringApplication.logStartupProfileInfo(SpringApplication.java:651) INFO No active profile set, falling back to default profiles: default
2020-01-27T17:24:49.629+0100 org.springframework.boot.StartupInfoLogger.logStarted(StartupInfoLogger.java:61) INFO Started EngineApplication in 3.163 seconds (JVM running for 4.097)
2020-01-27T17:24:49.686+0100 com.mycompany.engine.engine.GraphManager.BFS(GraphManager.java:110) INFO Inizio procedura BFS
2020-01-27T17:24:49.689+0100 com.mycompany.engine.engine.EngineApplicationService.run(EngineApplicationService.java:64) INFO Workflow da eseguire: [start, MSA, MSB, MSC]
2020-01-27T17:24:49.689+0100 com.mycompany.engine.engine.EngineApplicationService.run(EngineApplicationService.java:90) INFO MSA NON ATTENDE NESSUNO
2020-01-27T17:24:49.691+0100 com.mycompany.engine.engine.EngineApplicationService.run(EngineApplicationService.java:93) INFO MSA LANCIATO
2020-01-27T17:24:49.692+0100 com.mycompany.engine.engine.EngineApplicationService.run(EngineApplicationService.java:90) INFO MSB NON ATTENDE NESSUNO
2020-01-27T17:24:49.692+0100 com.mycompany.engine.engine.EngineApplicationService.run(EngineApplicationService.java:93) INFO MSB LANCIATO
2020-01-27T17:24:49.693+0100 com.mycompany.engine.engine.EngineApplicationService.run(EngineApplicationService.java:72) INFO MSC ATTENDE  MSA MSB
2020-01-27T17:24:50.110+0100 com.mycompany.engine.engine.EngineApplicationService.run(EngineApplicationService.java:81) INFO MSC LANCIATO
2020-01-27T17:29:15.904+0100 org.springframework.boot.SpringApplication.logStartupProfileInfo(SpringApplication.java:651) INFO No active profile set, falling back to default profiles: default
2020-01-27T17:29:18.411+0100 org.springframework.boot.StartupInfoLogger.logStarted(StartupInfoLogger.java:61) INFO Started EngineApplication in 3.155 seconds (JVM running for 4.101)
2020-01-27T17:29:18.466+0100 com.mycompany.engine.engine.GraphManager.BFS(GraphManager.java:110) INFO Inizio procedura BFS
2020-01-27T17:29:18.468+0100 com.mycompany.engine.engine.EngineApplicationService.run(EngineApplicationService.java:64) INFO Workflow da eseguire: [start, MSA, MSB, MSC]
2020-01-27T17:29:18.469+0100 com.mycompany.engine.engine.EngineApplicationService.run(EngineApplicationService.java:90) INFO MSA NON ATTENDE NESSUNO
2020-01-27T17:29:18.470+0100 com.mycompany.engine.engine.EngineApplicationService.run(EngineApplicationService.java:93) INFO MSA LANCIATO
2020-01-27T17:29:18.470+0100 com.mycompany.engine.engine.EngineApplicationService.run(EngineApplicationService.java:90) INFO MSB NON ATTENDE NESSUNO
2020-01-27T17:29:18.471+0100 com.mycompany.engine.engine.EngineApplicationService.run(EngineApplicationService.java:93) INFO MSB LANCIATO
2020-01-27T17:29:18.471+0100 com.mycompany.engine.engine.EngineApplicationService.run(EngineApplicationService.java:72) INFO MSC ATTENDE  MSA MSB
2020-01-27T17:29:18.723+0100 com.mycompany.engine.engine.EngineApplicationService.run(EngineApplicationService.java:81) INFO MSC LANCIATO
2020-01-27T17:41:07.417+0100 org.springframework.boot.SpringApplication.logStartupProfileInfo(SpringApplication.java:651) INFO No active profile set, falling back to default profiles: default
2020-01-27T17:41:09.942+0100 org.springframework.boot.StartupInfoLogger.logStarted(StartupInfoLogger.java:61) INFO Started EngineApplication in 3.21 seconds (JVM running for 4.126)
2020-01-27T17:41:10.004+0100 com.mycompany.engine.engine.GraphManager.BFS(GraphManager.java:110) INFO Inizio procedura BFS
2020-01-27T17:41:10.006+0100 com.mycompany.engine.engine.EngineApplicationService.run(EngineApplicationService.java:64) INFO Workflow da eseguire: [start, MSA, MSB, MSC]
2020-01-27T17:41:10.006+0100 com.mycompany.engine.engine.EngineApplicationService.run(EngineApplicationService.java:90) INFO MSA NON ATTENDE NESSUNO
2020-01-27T17:41:10.008+0100 com.mycompany.engine.engine.EngineApplicationService.run(EngineApplicationService.java:93) INFO MSA LANCIATO
2020-01-27T17:41:10.008+0100 com.mycompany.engine.engine.EngineApplicationService.run(EngineApplicationService.java:90) INFO MSB NON ATTENDE NESSUNO
2020-01-27T17:41:10.009+0100 com.mycompany.engine.engine.EngineApplicationService.run(EngineApplicationService.java:93) INFO MSB LANCIATO
2020-01-27T17:41:10.009+0100 com.mycompany.engine.engine.EngineApplicationService.run(EngineApplicationService.java:72) INFO MSC ATTENDE  MSA MSB
2020-01-27T17:41:10.435+0100 com.mycompany.engine.engine.EngineApplicationService.run(EngineApplicationService.java:81) INFO MSC LANCIATO
2020-01-27T17:45:42.621+0100 org.springframework.boot.SpringApplication.logStartupProfileInfo(SpringApplication.java:651) INFO No active profile set, falling back to default profiles: default
2020-01-27T17:45:45.143+0100 org.springframework.boot.StartupInfoLogger.logStarted(StartupInfoLogger.java:61) INFO Started EngineApplication in 3.165 seconds (JVM running for 4.096)
2020-01-27T17:45:45.198+0100 com.mycompany.engine.engine.GraphManager.BFS(GraphManager.java:110) INFO Inizio procedura BFS
2020-01-27T17:45:45.199+0100 com.mycompany.engine.engine.EngineApplicationService.run(EngineApplicationService.java:64) INFO Workflow da eseguire: [start, MSA, MSB, MSC]
2020-01-27T17:45:45.200+0100 com.mycompany.engine.engine.EngineApplicationService.run(EngineApplicationService.java:90) INFO MSA NON ATTENDE NESSUNO
2020-01-27T17:45:45.201+0100 com.mycompany.engine.engine.EngineApplicationService.run(EngineApplicationService.java:93) INFO MSA LANCIATO
2020-01-27T17:45:45.201+0100 com.mycompany.engine.engine.EngineApplicationService.run(EngineApplicationService.java:90) INFO MSB NON ATTENDE NESSUNO
2020-01-27T17:45:45.202+0100 com.mycompany.engine.engine.EngineApplicationService.run(EngineApplicationService.java:93) INFO MSB LANCIATO
2020-01-27T17:45:45.202+0100 com.mycompany.engine.engine.EngineApplicationService.run(EngineApplicationService.java:72) INFO MSC ATTENDE  MSA MSB
2020-01-27T17:45:45.601+0100 com.mycompany.engine.engine.EngineApplicationService.run(EngineApplicationService.java:81) INFO MSC LANCIATO
2020-01-27T17:49:13.349+0100 org.springframework.boot.SpringApplication.logStartupProfileInfo(SpringApplication.java:651) INFO No active profile set, falling back to default profiles: default
2020-01-27T17:49:15.932+0100 org.springframework.boot.StartupInfoLogger.logStarted(StartupInfoLogger.java:61) INFO Started EngineApplication in 3.246 seconds (JVM running for 4.165)
2020-01-27T17:49:15.995+0100 com.mycompany.engine.engine.GraphManager.BFS(GraphManager.java:110) INFO Inizio procedura BFS
2020-01-27T17:49:15.997+0100 com.mycompany.engine.engine.EngineApplicationService.run(EngineApplicationService.java:64) INFO Workflow da eseguire: [start, MSA, MSB, MSC]
2020-01-27T17:49:15.997+0100 com.mycompany.engine.engine.EngineApplicationService.run(EngineApplicationService.java:90) INFO MSA NON ATTENDE NESSUNO
2020-01-27T17:49:15.999+0100 com.mycompany.engine.engine.EngineApplicationService.run(EngineApplicationService.java:93) INFO MSA LANCIATO
2020-01-27T17:49:15.999+0100 com.mycompany.engine.engine.EngineApplicationService.run(EngineApplicationService.java:90) INFO MSB NON ATTENDE NESSUNO
2020-01-27T17:49:15.999+0100 com.mycompany.engine.engine.EngineApplicationService.run(EngineApplicationService.java:93) INFO MSB LANCIATO
2020-01-27T17:49:16.000+0100 com.mycompany.engine.engine.EngineApplicationService.run(EngineApplicationService.java:72) INFO MSC ATTENDE  MSA MSB
2020-01-27T17:49:16.415+0100 com.mycompany.engine.engine.EngineApplicationService.run(EngineApplicationService.java:81) INFO MSC LANCIATO
2020-01-27T17:51:10.352+0100 org.springframework.boot.SpringApplication.logStartupProfileInfo(SpringApplication.java:651) INFO No active profile set, falling back to default profiles: default
2020-01-27T17:51:12.878+0100 org.springframework.boot.StartupInfoLogger.logStarted(StartupInfoLogger.java:61) INFO Started EngineApplication in 3.187 seconds (JVM running for 4.107)
2020-01-27T17:51:12.940+0100 com.mycompany.engine.engine.GraphManager.BFS(GraphManager.java:110) INFO Inizio procedura BFS
2020-01-27T17:51:12.942+0100 com.mycompany.engine.engine.EngineApplicationService.run(EngineApplicationService.java:64) INFO Workflow da eseguire: [start, MSA, MSB, MSC]
2020-01-27T17:51:12.942+0100 com.mycompany.engine.engine.EngineApplicationService.run(EngineApplicationService.java:90) INFO MSA NON ATTENDE NESSUNO
2020-01-27T17:51:12.943+0100 com.mycompany.engine.engine.EngineApplicationService.run(EngineApplicationService.java:93) INFO MSA LANCIATO
2020-01-27T17:51:12.943+0100 com.mycompany.engine.engine.EngineApplicationService.run(EngineApplicationService.java:90) INFO MSB NON ATTENDE NESSUNO
2020-01-27T17:51:12.944+0100 com.mycompany.engine.engine.EngineApplicationService.run(EngineApplicationService.java:93) INFO MSB LANCIATO
2020-01-27T17:51:12.944+0100 com.mycompany.engine.engine.EngineApplicationService.run(EngineApplicationService.java:72) INFO MSC ATTENDE  MSA MSB
2020-01-27T17:51:13.220+0100 com.mycompany.engine.engine.EngineApplicationService.run(EngineApplicationService.java:81) INFO MSC LANCIATO
2020-01-27T17:56:02.140+0100 org.springframework.boot.SpringApplication.logStartupProfileInfo(SpringApplication.java:651) INFO No active profile set, falling back to default profiles: default
2020-01-27T17:56:04.654+0100 org.springframework.boot.StartupInfoLogger.logStarted(StartupInfoLogger.java:61) INFO Started EngineApplication in 3.149 seconds (JVM running for 4.096)
2020-01-27T17:56:04.714+0100 com.mycompany.engine.engine.GraphManager.BFS(GraphManager.java:110) INFO Inizio procedura BFS
2020-01-27T17:56:04.716+0100 com.mycompany.engine.engine.EngineApplicationService.run(EngineApplicationService.java:64) INFO Workflow da eseguire: [start, MSA, MSB, MSC]
2020-01-27T17:56:04.716+0100 com.mycompany.engine.engine.EngineApplicationService.run(EngineApplicationService.java:90) INFO MSA NON ATTENDE NESSUNO
2020-01-27T17:56:04.718+0100 com.mycompany.engine.engine.EngineApplicationService.run(EngineApplicationService.java:93) INFO MSA LANCIATO
2020-01-27T17:56:04.718+0100 com.mycompany.engine.engine.EngineApplicationService.run(EngineApplicationService.java:90) INFO MSB NON ATTENDE NESSUNO
2020-01-27T17:56:04.719+0100 com.mycompany.engine.engine.EngineApplicationService.run(EngineApplicationService.java:93) INFO MSB LANCIATO
2020-01-27T17:56:04.719+0100 com.mycompany.engine.engine.EngineApplicationService.run(EngineApplicationService.java:72) INFO MSC ATTENDE  MSA MSB
2020-01-27T17:56:05.128+0100 com.mycompany.engine.engine.EngineApplicationService.run(EngineApplicationService.java:81) INFO MSC LANCIATO
2020-01-27T18:01:34.613+0100 org.springframework.boot.SpringApplication.logStartupProfileInfo(SpringApplication.java:651) INFO No active profile set, falling back to default profiles: default
2020-01-27T18:01:37.218+0100 org.springframework.boot.StartupInfoLogger.logStarted(StartupInfoLogger.java:61) INFO Started EngineApplication in 3.297 seconds (JVM running for 4.308)
2020-01-27T18:01:37.282+0100 com.mycompany.engine.engine.GraphManager.BFS(GraphManager.java:110) INFO Inizio procedura BFS
2020-01-27T18:01:37.284+0100 com.mycompany.engine.engine.EngineApplicationService.run(EngineApplicationService.java:64) INFO Workflow da eseguire: [start, MSA, MSB, MSC]
2020-01-27T18:01:37.284+0100 com.mycompany.engine.engine.EngineApplicationService.run(EngineApplicationService.java:90) INFO MSA NON ATTENDE NESSUNO
2020-01-27T18:01:37.285+0100 com.mycompany.engine.engine.EngineApplicationService.run(EngineApplicationService.java:93) INFO MSA LANCIATO
2020-01-27T18:01:37.286+0100 com.mycompany.engine.engine.EngineApplicationService.run(EngineApplicationService.java:90) INFO MSB NON ATTENDE NESSUNO
2020-01-27T18:01:37.286+0100 com.mycompany.engine.engine.EngineApplicationService.run(EngineApplicationService.java:93) INFO MSB LANCIATO
2020-01-27T18:01:37.286+0100 com.mycompany.engine.engine.EngineApplicationService.run(EngineApplicationService.java:72) INFO MSC ATTENDE  MSA MSB
2020-01-27T18:01:37.741+0100 com.mycompany.engine.engine.EngineApplicationService.run(EngineApplicationService.java:81) INFO MSC LANCIATO
2020-01-27T18:04:46.819+0100 org.springframework.boot.SpringApplication.logStartupProfileInfo(SpringApplication.java:651) INFO No active profile set, falling back to default profiles: default
2020-01-27T18:04:49.305+0100 org.springframework.boot.StartupInfoLogger.logStarted(StartupInfoLogger.java:61) INFO Started EngineApplication in 3.142 seconds (JVM running for 4.07)
2020-01-27T18:04:49.360+0100 com.mycompany.engine.engine.GraphManager.BFS(GraphManager.java:110) INFO Inizio procedura BFS
2020-01-27T18:04:49.362+0100 com.mycompany.engine.engine.EngineApplicationService.run(EngineApplicationService.java:64) INFO Workflow da eseguire: [start, MSA, MSB, MSC]
2020-01-27T18:04:49.362+0100 com.mycompany.engine.engine.EngineApplicationService.run(EngineApplicationService.java:90) INFO MSA NON ATTENDE NESSUNO
2020-01-27T18:04:49.363+0100 com.mycompany.engine.engine.EngineApplicationService.run(EngineApplicationService.java:93) INFO MSA LANCIATO
2020-01-27T18:04:49.364+0100 com.mycompany.engine.engine.EngineApplicationService.run(EngineApplicationService.java:90) INFO MSB NON ATTENDE NESSUNO
2020-01-27T18:04:49.364+0100 com.mycompany.engine.engine.EngineApplicationService.run(EngineApplicationService.java:93) INFO MSB LANCIATO
2020-01-27T18:04:49.364+0100 com.mycompany.engine.engine.EngineApplicationService.run(EngineApplicationService.java:72) INFO MSC ATTENDE  MSA MSB
2020-01-27T18:04:49.620+0100 com.mycompany.engine.engine.EngineApplicationService.run(EngineApplicationService.java:81) INFO MSC LANCIATO
2020-01-27T18:08:18.748+0100 org.springframework.boot.SpringApplication.logStartupProfileInfo(SpringApplication.java:651) INFO No active profile set, falling back to default profiles: default
2020-01-27T18:08:21.251+0100 org.springframework.boot.StartupInfoLogger.logStarted(StartupInfoLogger.java:61) INFO Started EngineApplication in 3.151 seconds (JVM running for 4.306)
2020-01-27T18:08:21.308+0100 com.mycompany.engine.engine.GraphManager.BFS(GraphManager.java:110) INFO Inizio procedura BFS
2020-01-27T18:08:21.311+0100 com.mycompany.engine.engine.EngineApplicationService.run(EngineApplicationService.java:64) INFO Workflow da eseguire: [start, MSA, MSB, MSC]
2020-01-27T18:08:21.311+0100 com.mycompany.engine.engine.EngineApplicationService.run(EngineApplicationService.java:90) INFO MSA NON ATTENDE NESSUNO
2020-01-27T18:08:21.313+0100 com.mycompany.engine.engine.EngineApplicationService.run(EngineApplicationService.java:93) INFO MSA LANCIATO
2020-01-27T18:08:21.313+0100 com.mycompany.engine.engine.EngineApplicationService.run(EngineApplicationService.java:90) INFO MSB NON ATTENDE NESSUNO
2020-01-27T18:08:21.313+0100 com.mycompany.engine.engine.EngineApplicationService.run(EngineApplicationService.java:93) INFO MSB LANCIATO
2020-01-27T18:08:21.314+0100 com.mycompany.engine.engine.EngineApplicationService.run(EngineApplicationService.java:72) INFO MSC ATTENDE  MSA MSB
2020-01-27T18:08:21.565+0100 com.mycompany.engine.engine.EngineApplicationService.run(EngineApplicationService.java:81) INFO MSC LANCIATO
2020-01-27T18:12:01.879+0100 org.springframework.boot.SpringApplication.logStartupProfileInfo(SpringApplication.java:651) INFO No active profile set, falling back to default profiles: default
2020-01-27T18:12:04.415+0100 org.springframework.boot.StartupInfoLogger.logStarted(StartupInfoLogger.java:61) INFO Started EngineApplication in 3.184 seconds (JVM running for 4.112)
2020-01-27T18:12:04.466+0100 com.mycompany.engine.engine.GraphManager.BFS(GraphManager.java:110) INFO Inizio procedura BFS
2020-01-27T18:12:04.467+0100 com.mycompany.engine.engine.EngineApplicationService.run(EngineApplicationService.java:64) INFO Workflow da eseguire: [start, MSA, MSB, MSC]
2020-01-27T18:12:04.468+0100 com.mycompany.engine.engine.EngineApplicationService.run(EngineApplicationService.java:90) INFO MSA NON ATTENDE NESSUNO
2020-01-27T18:12:04.469+0100 com.mycompany.engine.engine.EngineApplicationService.run(EngineApplicationService.java:93) INFO MSA LANCIATO
2020-01-27T18:12:04.469+0100 com.mycompany.engine.engine.EngineApplicationService.run(EngineApplicationService.java:90) INFO MSB NON ATTENDE NESSUNO
2020-01-27T18:12:04.470+0100 com.mycompany.engine.engine.EngineApplicationService.run(EngineApplicationService.java:93) INFO MSB LANCIATO
2020-01-27T18:12:04.470+0100 com.mycompany.engine.engine.EngineApplicationService.run(EngineApplicationService.java:72) INFO MSC ATTENDE  MSA MSB
2020-01-27T18:12:04.725+0100 com.mycompany.engine.engine.EngineApplicationService.run(EngineApplicationService.java:81) INFO MSC LANCIATO
